<?xml version="1.0" encoding="UTF-8"?>
<testsuite xmlns:xsi="http://www.w3.org/2001/XMLSchema-instance" xsi:noNamespaceSchemaLocation="https://maven.apache.org/surefire/maven-surefire-plugin/xsd/surefire-test-report.xsd" name="demo.AppTest" time="0.061" tests="1" errors="0" skipped="0" failures="0">
  <properties>
    <property name="java.vm.info" value="mixed mode"/>
    <property name="file.encoding.pkg" value="sun.io"/>
    <property name="file.encoding" value="UTF-8"/>
    <property name="java.specification.name" value="Java Platform API Specification"/>
    <property name="sun.os.patch.level" value="unknown"/>
    <property name="user.dir" value="/root/classroom"/>
    <property name="line.separator" value="&#10;"/>
    <property name="java.home" value="/usr/lib/jvm/java-1.7.0-openjdk-1.7.0.191.x86_64/jre"/>
    <property name="user.name" value="root"/>
    <property name="sun.boot.library.path" value="/usr/lib/jvm/java-1.7.0-openjdk-1.7.0.191.x86_64/jre/lib/amd64"/>
    <property name="user.home" value="/root"/>
    <property name="localRepository" value="/root/.m2/repository"/>
    <property name="sun.java.launcher" value="SUN_STANDARD"/>
    <property name="java.class.version" value="51.0"/>
    <property name="user.language" value="en"/>
    <property name="java.vendor.url.bug" value="http://bugreport.sun.com/bugreport/"/>
    <property name="sun.jnu.encoding" value="UTF-8"/>
    <property name="java.io.tmpdir" value="/tmp"/>
    <property name="java.specification.vendor" value="Oracle Corporation"/>
    <property name="file.separator" value="/"/>
    <property name="java.class.path" value="/root/classroom/target/test-classes:/root/classroom/target/classes:/root/.m2/repository/junit/junit/4.11/junit-4.11.jar:/root/.m2/repository/org/hamcrest/hamcrest-core/1.3/hamcrest-core-1.3.jar:"/>
    <property name="java.vm.vendor" value="Oracle Corporation"/>
    <property name="sun.cpu.endian" value="little"/>
    <property name="java.vm.specification.vendor" value="Oracle Corporation"/>
    <property name="java.specification.version" value="1.7"/>
    <property name="awt.toolkit" value="sun.awt.X11.XToolkit"/>
    <property name="sun.java.command" value="/root/classroom/target/surefire/surefirebooter8411044518125035452.jar /root/classroom/target/surefire 2018-10-20T17-57-59_988-jvmRun1 surefire6126413720499505119tmp surefire_04589954892146744273tmp"/>
    <property name="user.timezone" value=""/>
    <property name="surefire.test.class.path" value="/root/classroom/target/test-classes:/root/classroom/target/classes:/root/.m2/repository/junit/junit/4.11/junit-4.11.jar:/root/.m2/repository/org/hamcrest/hamcrest-core/1.3/hamcrest-core-1.3.jar:"/>
    <property name="java.runtime.version" value="1.7.0_191-mockbuild_2018_08_20_23_33-b00"/>
    <property name="java.vendor" value="Oracle Corporation"/>
    <property name="sun.management.compiler" value="HotSpot 64-Bit Tiered Compilers"/>
    <property name="sun.arch.data.model" value="64"/>
    <property name="os.arch" value="amd64"/>
    <property name="sun.io.unicode.encoding" value="UnicodeLittle"/>
    <property name="java.awt.printerjob" value="sun.print.PSPrinterJob"/>
    <property name="path.separator" value=":"/>
    <property name="java.runtime.name" value="OpenJDK Runtime Environment"/>
    <property name="java.vendor.url" value="http://java.oracle.com/"/>
    <property name="sun.boot.class.path" value="/usr/lib/jvm/java-1.7.0-openjdk-1.7.0.191.x86_64/jre/lib/resources.jar:/usr/lib/jvm/java-1.7.0-openjdk-1.7.0.191.x86_64/jre/lib/rt.jar:/usr/lib/jvm/java-1.7.0-openjdk-1.7.0.191.x86_64/jre/lib/sunrsasign.jar:/usr/lib/jvm/java-1.7.0-openjdk-1.7.0.191.x86_64/jre/lib/jsse.jar:/usr/lib/jvm/java-1.7.0-openjdk-1.7.0.191.x86_64/jre/lib/jce.jar:/usr/lib/jvm/java-1.7.0-openjdk-1.7.0.191.x86_64/jre/lib/charsets.jar:/usr/lib/jvm/java-1.7.0-openjdk-1.7.0.191.x86_64/jre/lib/rhino.jar:/usr/lib/jvm/java-1.7.0-openjdk-1.7.0.191.x86_64/jre/lib/jfr.jar:/usr/lib/jvm/java-1.7.0-openjdk-1.7.0.191.x86_64/jre/classes"/>
    <property name="surefire.real.class.path" value="/root/classroom/target/surefire/surefirebooter8411044518125035452.jar"/>
    <property name="java.endorsed.dirs" value="/usr/lib/jvm/java-1.7.0-openjdk-1.7.0.191.x86_64/jre/lib/endorsed"/>
    <property name="java.vm.version" value="24.191-b01"/>
    <property name="os.name" value="Linux"/>
    <property name="java.vm.specification.version" value="1.7"/>
    <property name="sun.cpu.isalist" value=""/>
    <property name="java.version" value="1.7.0_191"/>
    <property name="java.vm.specification.name" value="Java Virtual Machine Specification"/>
    <property name="java.ext.dirs" value="/usr/lib/jvm/java-1.7.0-openjdk-1.7.0.191.x86_64/jre/lib/ext:/usr/java/packages/lib/ext"/>
    <property name="os.version" value="4.14.62-65.117.amzn1.x86_64"/>
    <property name="basedir" value="/root/classroom"/>
    <property name="java.library.path" value="/usr/java/packages/lib/amd64:/usr/lib64:/lib64:/lib:/usr/lib"/>
    <property name="java.awt.graphicsenv" value="sun.awt.X11GraphicsEnvironment"/>
    <property name="java.vm.name" value="OpenJDK 64-Bit Server VM"/>
    <property name="user.country" value="US"/>
  </properties>
  <testcase name="shouldAnswerWithTrue" classname="demo.AppTest" time="0.002"/>
</testsuite>